<?xml version="1.0" encoding="UTF-8"?>
<!-- Generated by org.testng.reporters.JUnitXMLReporter -->
<testsuite ignored="18" hostname="LAPTOP-C7MJJ52G" failures="0" tests="1" name="Default test" time="22.659" errors="0" timestamp="2021-01-21T01:21:35 IST">
  <testcase classname="com.thirtybees.DummyLoginPage" name="myPersonalInformationSection" time="12.606"/>
  <testcase classname="com.thirtybees.DummyLoginPage" name="textAUTHENTICATION" time="0.0">
    <ignored/>
  </testcase> <!-- textAUTHENTICATION -->
  <testcase classname="com.thirtybees.DummyLoginPage" name="signIn" time="0.0">
    <ignored/>
  </testcase> <!-- signIn -->
  <testcase classname="com.thirtybees.DummyLoginPage" name="imgLogo" time="0.0">
    <ignored/>
  </testcase> <!-- imgLogo -->
  <testcase classname="com.thirtybees.DummyLoginPage" name="forgotPassword" time="0.0">
    <ignored/>
  </testcase> <!-- forgotPassword -->
  <testcase classname="com.thirtybees.DummyLoginPage" name="waterMark" time="0.0">
    <ignored/>
  </testcase> <!-- waterMark -->
  <testcase classname="com.thirtybees.DummyLoginPage" name="textPleaseEnter" time="0.0">
    <ignored/>
  </testcase> <!-- textPleaseEnter -->
  <testcase classname="com.thirtybees.DummyLoginPage" name="textALREADY_REGISTERED" time="0.0">
    <ignored/>
  </testcase> <!-- textALREADY_REGISTERED -->
  <testcase classname="com.thirtybees.DummyLoginPage" name="testingTitle" time="0.0">
    <ignored/>
  </testcase> <!-- testingTitle -->
  <testcase classname="com.thirtybees.DummyLoginPage" name="creatingAccount" time="0.0">
    <ignored/>
  </testcase> <!-- creatingAccount -->
  <testcase classname="com.thirtybees.DummyLoginPage" name="myCreditSlipsSection" time="0.0">
    <ignored/>
  </testcase> <!-- myCreditSlipsSection -->
  <testcase classname="com.thirtybees.DummyLoginPage" name="passwordRecovery" time="0.0">
    <ignored/>
  </testcase> <!-- passwordRecovery -->
  <testcase classname="com.thirtybees.DummyLoginPage" name="textCREATE_AN_ACCOUNT" time="0.0">
    <ignored/>
  </testcase> <!-- textCREATE_AN_ACCOUNT -->
  <testcase classname="com.thirtybees.DummyLoginPage" name="textLabelNames" time="0.0">
    <ignored/>
  </testcase> <!-- textLabelNames -->
  <testcase classname="com.thirtybees.DummyLoginPage" name="updateInfo" time="0.0">
    <ignored/>
  </testcase> <!-- updateInfo -->
  <testcase classname="com.thirtybees.DummyLoginPage" name="textRequiredField" time="0.0">
    <ignored/>
  </testcase> <!-- textRequiredField -->
  <testcase classname="com.thirtybees.DummyLoginPage" name="myAddressesSection" time="0.0">
    <ignored/>
  </testcase> <!-- myAddressesSection -->
  <testcase classname="com.thirtybees.DummyLoginPage" name="Title" time="0.0">
    <ignored/>
  </testcase> <!-- Title -->
  <testcase classname="com.thirtybees.DummyLoginPage" name="language" time="0.0">
    <ignored/>
  </testcase> <!-- language -->
</testsuite> <!-- Default test -->
